<?xml version="1.0" encoding="UTF-8"?>
<!-- Generated by org.testng.reporters.JUnitReportReporter -->
<testsuite hostname="Yogeshwar-PC" failures="0" tests="3" name="TestNG.invocationCount1" time="0.020" errors="0" timestamp="2022-07-13T16:55:38 IST" skipped="0">
  <testcase classname="TestNG.invocationCount1" name="m3" time="0.002"/>
  <system-out>
    <![CDATA[Running Test Case3]]>
  </system-out>
  <testcase classname="TestNG.invocationCount1" name="m3" time="0.003"/>
  <system-out>
    <![CDATA[Running Test Case3]]>
  </system-out>
  <testcase classname="TestNG.invocationCount1" name="m2" time="0.015"/>
  <system-out>
    <![CDATA[Running Test casse2]]>
  </system-out>
</testsuite> <!-- TestNG.invocationCount1 -->
