<?xml version="1.0" encoding="UTF-8"?>
<!-- Generated by org.testng.reporters.JUnitReportReporter -->
<testsuite hostname="Yogeshwar-PC" failures="0" tests="1" name="Hard_Assert.Assert_NotEqual_Method" time="0.017" errors="0" timestamp="2022-07-17T18:07:33 IST" skipped="0">
  <testcase classname="Hard_Assert.Assert_NotEqual_Method" name="m2" time="0.017"/>
  <system-out/>
</testsuite> <!-- Hard_Assert.Assert_NotEqual_Method -->
