<?xml version="1.0" encoding="UTF-8"?>
<!-- Generated by org.testng.reporters.JUnitReportReporter -->
<testsuite hostname="Yogeshwar-PC" failures="0" tests="3" name="Grouping.example1" time="0.020" errors="0" timestamp="2022-07-15T17:00:12 IST" skipped="0">
  <testcase classname="Grouping.example1" name="m5" time="0.002"/>
  <system-out>
    <![CDATA[Running test case5]]>
  </system-out>
  <testcase classname="Grouping.example1" name="m6" time="0.003"/>
  <system-out>
    <![CDATA[Running test case6]]>
  </system-out>
  <testcase classname="Grouping.example1" name="m2" time="0.015"/>
  <system-out>
    <![CDATA[Running test case2]]>
  </system-out>
</testsuite> <!-- Grouping.example1 -->
