<?xml version="1.0" encoding="UTF-8"?>
<!-- Generated by org.testng.reporters.JUnitReportReporter -->
<testsuite hostname="Yogeshwar-PC" failures="0" tests="2" name="TestNG.testNG_testclass1" time="73.116" errors="0" timestamp="2022-07-12T18:36:15 IST" skipped="0">
  <testcase classname="TestNG.testNG_testclass1" name="openamazon" time="61.509"/>
  <system-out>
    <![CDATA[open amazon app
Closed Browser]]>
  </system-out>
  <testcase classname="TestNG.testNG_testclass1" name="openapp" time="11.607"/>
  <system-out>
    <![CDATA[opening application flipkart
Closed Browser]]>
  </system-out>
</testsuite> <!-- TestNG.testNG_testclass1 -->
