<?xml version="1.0" encoding="UTF-8"?>
<!-- Generated by org.testng.reporters.JUnitReportReporter -->
<testsuite hostname="Yogeshwar-PC" failures="0" tests="2" name="TestNG.priority4" time="0.056" errors="0" timestamp="2022-07-14T13:59:45 IST" skipped="0">
  <testcase classname="TestNG.priority4" name="m3" time="0.007"/>
  <system-out>
    <![CDATA[Running test case3]]>
  </system-out>
  <testcase classname="TestNG.priority4" name="m2" time="0.049"/>
  <system-out>
    <![CDATA[Running test case2]]>
  </system-out>
</testsuite> <!-- TestNG.priority4 -->
