<?xml version="1.0" encoding="UTF-8"?>
<!-- Generated by org.testng.reporters.JUnitReportReporter -->
<testsuite hostname="Yogeshwar-PC" failures="0" tests="3" name="TestNG.enabled1" time="0.018" errors="0" timestamp="2022-07-13T16:58:01 IST" skipped="1">
  <testcase classname="TestNG.enabled1" name="m1" time="0.016"/>
  <system-out>
    <![CDATA[Running test case 1]]>
  </system-out>
  <testcase classname="TestNG.enabled1" name="m2" time="0.002"/>
  <system-out>
    <![CDATA[Running test case 2]]>
  </system-out>
  <testcase classname="TestNG.enabled1" name="m3">
    <skipped/>
  </testcase> <!-- m3 -->
  <system-out/>
</testsuite> <!-- TestNG.enabled1 -->
