<?xml version="1.0" encoding="UTF-8"?>
<!-- Generated by org.testng.reporters.JUnitReportReporter -->
<testsuite hostname="Yogeshwar-PC" failures="0" tests="1" name="Hard_Assert.Assert_TrueMethod" time="18.256" errors="0" timestamp="2022-07-17T18:32:10 IST" skipped="0">
  <testcase classname="Hard_Assert.Assert_TrueMethod" name="facebook" time="18.256"/>
  <system-out/>
</testsuite> <!-- Hard_Assert.Assert_TrueMethod -->
