<?xml version="1.0" encoding="UTF-8"?>
<!-- Generated by org.testng.reporters.JUnitReportReporter -->
<testsuite hostname="Yogeshwar-PC" failures="0" tests="2" name="TestNG.testNG_annotaions" time="0.010" errors="0" timestamp="2022-07-12T23:42:24 IST" skipped="0">
  <testcase classname="TestNG.testNG_annotaions" name="testcase2" time="0.003"/>
  <system-out>
    <![CDATA[Test case 2 executing for grosaries]]>
  </system-out>
  <testcase classname="TestNG.testNG_annotaions" name="testcase1" time="0.007"/>
  <system-out>
    <![CDATA[test case1 execution for validating username]]>
  </system-out>
</testsuite> <!-- TestNG.testNG_annotaions -->
