<?xml version="1.0" encoding="UTF-8"?>
<!-- Generated by org.testng.reporters.JUnitReportReporter -->
<testsuite hostname="Yogeshwar-PC" failures="0" tests="1" name="TestNG.flipkart_testclass" time="7.959" errors="0" timestamp="2022-07-13T14:35:58 IST" skipped="0">
  <testcase classname="TestNG.flipkart_testclass" name="testcase1" time="7.959"/>
  <system-out>
    <![CDATA[Test case 1 executing for user verification]]>
  </system-out>
</testsuite> <!-- TestNG.flipkart_testclass -->
