<?xml version="1.0" encoding="UTF-8"?>
<!-- Generated by org.testng.reporters.JUnitReportReporter -->
<testsuite hostname="Yogeshwar-PC" failures="0" tests="2" name="TestNG.testNG_testclass" time="63.793" errors="0" timestamp="2022-07-12T16:08:25 IST" skipped="0">
  <testcase classname="TestNG.testNG_testclass" name="openapp" time="43.301"/>
  <system-out/>
  <testcase classname="TestNG.testNG_testclass" name="openamazon" time="20.492"/>
  <system-out/>
</testsuite> <!-- TestNG.testNG_testclass -->
