<?xml version="1.0" encoding="UTF-8"?>
<!-- Generated by org.testng.reporters.JUnitReportReporter -->
<testsuite hostname="Yogeshwar-PC" failures="0" tests="1" name="ParallelTesting.ParallelTesting_class2" time="37.511" errors="0" timestamp="2022-07-15T17:52:29 IST" skipped="0">
  <testcase classname="ParallelTesting.ParallelTesting_class2" name="m1" time="37.511"/>
  <system-out/>
</testsuite> <!-- ParallelTesting.ParallelTesting_class2 -->
