<?xml version="1.0" encoding="UTF-8"?>
<!-- Generated by org.testng.reporters.JUnitReportReporter -->
<testsuite hostname="Yogeshwar-PC" failures="0" tests="2" name="TestNG.priority2" time="0.072" errors="0" timestamp="2022-07-14T13:59:45 IST" skipped="0">
  <testcase classname="TestNG.priority2" name="m1" time="0.060"/>
  <system-out>
    <![CDATA[Running Test case 1]]>
  </system-out>
  <testcase classname="TestNG.priority2" name="m2" time="0.012"/>
  <system-out>
    <![CDATA[Running Test Case 2]]>
  </system-out>
</testsuite> <!-- TestNG.priority2 -->
