<?xml version="1.0" encoding="UTF-8"?>
<!-- Generated by org.testng.reporters.JUnitReportReporter -->
<testsuite hostname="Yogeshwar-PC" failures="0" tests="5" name="TestNG.Disable_TestCase" time="0.027" errors="0" timestamp="2022-07-14T18:40:45 IST" skipped="0">
  <testcase classname="TestNG.Disable_TestCase" name="m4" time="0.003"/>
  <system-out>
    <![CDATA[Running test case4]]>
  </system-out>
  <testcase classname="TestNG.Disable_TestCase" name="m2" time="0.003"/>
  <system-out>
    <![CDATA[Running test case2]]>
  </system-out>
  <testcase classname="TestNG.Disable_TestCase" name="m5" time="0.005"/>
  <system-out>
    <![CDATA[Running test case5]]>
  </system-out>
  <testcase classname="TestNG.Disable_TestCase" name="m1" time="0.014"/>
  <system-out>
    <![CDATA[Running test case1]]>
  </system-out>
  <testcase classname="TestNG.Disable_TestCase" name="m3" time="0.002"/>
  <system-out>
    <![CDATA[Running test case3]]>
  </system-out>
</testsuite> <!-- TestNG.Disable_TestCase -->
