<?xml version="1.0" encoding="UTF-8"?>
<!-- Generated by org.testng.reporters.JUnitReportReporter -->
<testsuite hostname="Yogeshwar-PC" failures="0" tests="3" name="TestNG.dependsOnMethods1" time="0.016" errors="0" timestamp="2022-07-13T17:01:37 IST" skipped="0">
  <testcase classname="TestNG.dependsOnMethods1" name="m3" time="0.002"/>
  <system-out>
    <![CDATA[Running test case 3]]>
  </system-out>
  <testcase classname="TestNG.dependsOnMethods1" name="m1" time="0.002"/>
  <system-out>
    <![CDATA[Running test case 1]]>
  </system-out>
  <testcase classname="TestNG.dependsOnMethods1" name="m2" time="0.012"/>
  <system-out>
    <![CDATA[Running test case 2]]>
  </system-out>
</testsuite> <!-- TestNG.dependsOnMethods1 -->
