<?xml version="1.0" encoding="UTF-8"?>
<!-- Generated by org.testng.reporters.JUnitReportReporter -->
<testsuite hostname="Yogeshwar-PC" failures="0" tests="2" name="ParallelTesting.ParallelTesting_Class1" time="40.336" errors="0" timestamp="2022-07-15T17:52:29 IST" skipped="0">
  <testcase classname="ParallelTesting.ParallelTesting_Class1" name="m2" time="17.301"/>
  <system-out/>
  <testcase classname="ParallelTesting.ParallelTesting_Class1" name="m1" time="23.035"/>
  <system-out/>
</testsuite> <!-- ParallelTesting.ParallelTesting_Class1 -->
