<?xml version="1.0" encoding="UTF-8"?>
<!-- Generated by org.testng.reporters.JUnitReportReporter -->
<testsuite hostname="Yogeshwar-PC" failures="0" tests="2" name="TestNG.priority3" time="0.018" errors="0" timestamp="2022-07-14T13:59:45 IST" skipped="0">
  <testcase classname="TestNG.priority3" name="m3" time="0.012"/>
  <system-out>
    <![CDATA[Running Test Case2]]>
  </system-out>
  <testcase classname="TestNG.priority3" name="m2" time="0.006"/>
  <system-out>
    <![CDATA[Running teas case1]]>
  </system-out>
</testsuite> <!-- TestNG.priority3 -->
