<?xml version="1.0" encoding="UTF-8"?>
<!-- Generated by org.testng.reporters.JUnitReportReporter -->
<testsuite hostname="Yogeshwar-PC" failures="0" tests="1" name="TestNG.Test3" time="30.145" errors="0" timestamp="2022-07-14T13:51:55 IST" skipped="0">
  <testcase classname="TestNG.Test3" name="m3" time="30.145"/>
  <system-out/>
</testsuite> <!-- TestNG.Test3 -->
