<?xml version="1.0" encoding="UTF-8"?>
<!-- Generated by org.testng.reporters.JUnitReportReporter -->
<testsuite hostname="Yogeshwar-PC" failures="0" tests="1" name="TestNG.Test1" time="24.966" errors="0" timestamp="2022-07-14T13:51:55 IST" skipped="0">
  <testcase classname="TestNG.Test1" name="m1" time="24.966"/>
  <system-out/>
</testsuite> <!-- TestNG.Test1 -->
