<?xml version="1.0" encoding="UTF-8"?>
<!-- Generated by org.testng.reporters.JUnitReportReporter -->
<testsuite hostname="Yogeshwar-PC" failures="0" tests="1" name="POM_DDF_TESTNG.Flipkart_TestClass" time="25.126" errors="0" timestamp="2022-07-21T16:09:26 IST" skipped="0">
  <testcase classname="POM_DDF_TESTNG.Flipkart_TestClass" name="verifyUser" time="25.126"/>
  <system-out/>
</testsuite> <!-- POM_DDF_TESTNG.Flipkart_TestClass -->
