<?xml version="1.0" encoding="UTF-8"?>
<!-- Generated by org.testng.reporters.JUnitReportReporter -->
<testsuite hostname="Yogeshwar-PC" failures="0" tests="2" name="Practice_Set.A_Normal_Test_Class" time="0.010" errors="0" timestamp="2022-07-13T18:04:17 IST" skipped="0">
  <testcase classname="Practice_Set.A_Normal_Test_Class" name="T2VerifyUserId" time="0.002"/>
  <system-out>
    <![CDATA[Verify User ID 2]]>
  </system-out>
  <testcase classname="Practice_Set.A_Normal_Test_Class" name="T1VerifyUserId" time="0.008"/>
  <system-out>
    <![CDATA[Verify User ID 1]]>
  </system-out>
</testsuite> <!-- Practice_Set.A_Normal_Test_Class -->
