<?xml version="1.0" encoding="UTF-8"?>
<!-- Generated by org.testng.reporters.JUnitReportReporter -->
<testsuite hostname="Yogeshwar-PC" failures="0" tests="3" name="TestNG.priority1" time="0.037" errors="0" timestamp="2022-07-14T13:59:45 IST" skipped="0">
  <testcase classname="TestNG.priority1" name="m2" time="0.018"/>
  <system-out>
    <![CDATA[Test case2 is execute]]>
  </system-out>
  <testcase classname="TestNG.priority1" name="m3" time="0.007"/>
  <system-out>
    <![CDATA[Test case3 is execute]]>
  </system-out>
  <testcase classname="TestNG.priority1" name="m1" time="0.012"/>
  <system-out>
    <![CDATA[Test Case1 is execute]]>
  </system-out>
</testsuite> <!-- TestNG.priority1 -->
