<?xml version="1.0" encoding="UTF-8"?>
<!-- Generated by org.testng.reporters.JUnitReportReporter -->
<testsuite hostname="Yogeshwar-PC" failures="0" tests="1" name="POM_DDF_TestNG_withmandatory_classes.Ebay_Test_class" time="9.481" errors="0" timestamp="2022-07-20T13:00:26 IST" skipped="0">
  <testcase classname="POM_DDF_TestNG_withmandatory_classes.Ebay_Test_class" name="gotoart" time="9.481"/>
  <system-out/>
</testsuite> <!-- POM_DDF_TestNG_withmandatory_classes.Ebay_Test_class -->
