<?xml version="1.0" encoding="UTF-8"?>
<!-- Generated by org.testng.reporters.JUnitReportReporter -->
<testsuite hostname="Yogeshwar-PC" failures="0" tests="5" name="Practice_Set.B_TestNG_TestClass" time="0.027" errors="0" timestamp="2022-07-13T17:54:23 IST" skipped="0">
  <testcase classname="Practice_Set.B_TestNG_TestClass" name="TC4" time="0.002"/>
  <system-out>
    <![CDATA[Running TC4]]>
  </system-out>
  <testcase classname="Practice_Set.B_TestNG_TestClass" name="TC2" time="0.002"/>
  <system-out>
    <![CDATA[Running TC2]]>
  </system-out>
  <testcase classname="Practice_Set.B_TestNG_TestClass" name="TC0" time="0.015"/>
  <system-out/>
  <testcase classname="Practice_Set.B_TestNG_TestClass" name="TC1" time="0.006"/>
  <system-out>
    <![CDATA[Running TC1]]>
  </system-out>
  <testcase classname="Practice_Set.B_TestNG_TestClass" name="TC3" time="0.002"/>
  <system-out>
    <![CDATA[Running TC3]]>
  </system-out>
</testsuite> <!-- Practice_Set.B_TestNG_TestClass -->
