<?xml version="1.0" encoding="UTF-8"?>
<!-- Generated by org.testng.reporters.JUnitReportReporter -->
<testsuite hostname="Yogeshwar-PC" failures="0" tests="1" name="TestNG.Test2" time="17.288" errors="0" timestamp="2022-07-14T13:51:55 IST" skipped="0">
  <testcase classname="TestNG.Test2" name="m2" time="17.288"/>
  <system-out/>
</testsuite> <!-- TestNG.Test2 -->
