<?xml version="1.0" encoding="UTF-8"?>
<!-- Generated by org.testng.reporters.JUnitReportReporter -->
<testsuite hostname="Yogeshwar-PC" failures="0" tests="3" name="crossbrowserTesting.crosscompatibilityTesting" time="307.734" errors="0" timestamp="2022-07-15T18:43:13 IST" skipped="0">
  <testcase classname="crossbrowserTesting.crosscompatibilityTesting" name="m1" time="118.264"/>
  <system-out/>
  <testcase classname="crossbrowserTesting.crosscompatibilityTesting" name="m1" time="103.499"/>
  <system-out/>
  <testcase classname="crossbrowserTesting.crosscompatibilityTesting" name="m1" time="85.971"/>
  <system-out/>
</testsuite> <!-- crossbrowserTesting.crosscompatibilityTesting -->
